c:\users\dell\desktop\8.31,8.27\libzkfpdemo2\debug\libzkfpdemo.pch
c:\users\dell\desktop\8.31,8.27\libzkfpdemo2\debug\vc120.pdb
c:\users\dell\desktop\8.31,8.27\libzkfpdemo2\debug\vc120.idb
c:\users\dell\desktop\8.31,8.27\libzkfpdemo2\debug\stdafx.obj
c:\users\dell\desktop\8.31,8.27\libzkfpdemo2\debug\base64.obj
c:\users\dell\desktop\8.31,8.27\libzkfpdemo2\debug\dlgadata.obj
c:\users\dell\desktop\8.31,8.27\libzkfpdemo2\debug\dlgadmin.obj
c:\users\dell\desktop\8.31,8.27\libzkfpdemo2\debug\dlguser.obj
c:\users\dell\desktop\8.31,8.27\libzkfpdemo2\debug\libzkfpdemo.obj
c:\users\dell\desktop\8.31,8.27\libzkfpdemo2\debug\libzkfpdemodlg.obj
c:\users\dell\desktop\8.31,8.27\libzkfpdemo2\debug\logwriter.obj
c:\users\dell\desktop\8.31,8.27\libzkfpdemo2\debug\passdlg.obj
c:\users\dell\desktop\8.31,8.27\libzkfpdemo2\debug\libzkfpdemo.ilk
c:\users\dell\desktop\8.31,8.27\libzkfpdemo2\debug\libzkfpdemo.exe
c:\users\dell\desktop\8.31,8.27\libzkfpdemo2\debug\libzkfpdemo.pdb
c:\users\dell\desktop\8.31,8.27\libzkfpdemo2\debug\libzkfpdemo.res
c:\users\dell\desktop\8.31,8.27\libzkfpdemo2\debug\libzkfpdemo.tlog\cl.command.1.tlog
c:\users\dell\desktop\8.31,8.27\libzkfpdemo2\debug\libzkfpdemo.tlog\cl.read.1.tlog
c:\users\dell\desktop\8.31,8.27\libzkfpdemo2\debug\libzkfpdemo.tlog\cl.write.1.tlog
c:\users\dell\desktop\8.31,8.27\libzkfpdemo2\debug\libzkfpdemo.tlog\link.command.1.tlog
c:\users\dell\desktop\8.31,8.27\libzkfpdemo2\debug\libzkfpdemo.tlog\link.read.1.tlog
c:\users\dell\desktop\8.31,8.27\libzkfpdemo2\debug\libzkfpdemo.tlog\link.write.1.tlog
c:\users\dell\desktop\8.31,8.27\libzkfpdemo2\debug\libzkfpdemo.tlog\rc.command.1.tlog
c:\users\dell\desktop\8.31,8.27\libzkfpdemo2\debug\libzkfpdemo.tlog\rc.read.1.tlog
c:\users\dell\desktop\8.31,8.27\libzkfpdemo2\debug\libzkfpdemo.tlog\rc.write.1.tlog
