生成启动时间为 2017/9/2 9:48:30。
     1>项目“C:\Users\dell\Desktop\8.31,8.27\libzkfpDemo2\libzkfpDemo.vcxproj”在节点 2 上(Build 个目标)。
     1>ClCompile:
         C:\Users\dell\visual studio 2013\VC\bin\CL.exe /c /Zi /nologo /W3 /WX- /O2 /Oi /Oy- /GL /D WIN32 /D _WINDOWS /D NDEBUG /D _MBCS /Gm- /EHsc /MT /GS /Gy /fp:precise /Zc:wchar_t /Zc:forScope /Yu"stdafx.h" /Fp"Release\libzkfpDemo.pch" /Fo"Release\\" /Fd"Release\vc120.pdb" /Gd /TP /analyze- /errorReport:prompt DlgUser.cpp libzkfpDemoDlg.cpp
         DlgUser.cpp
         libzkfpDemoDlg.cpp
       Link:
         C:\Users\dell\visual studio 2013\VC\bin\link.exe /ERRORREPORT:PROMPT /OUT:"C:\Users\dell\Desktop\8.31,8.27\libzkfpDemo2\Release\libzkfpDemo.exe" /INCREMENTAL:NO /NOLOGO /MANIFEST /MANIFESTUAC:"level='asInvoker' uiAccess='false'" /manifest:embed /manifestinput:"C:\Users\dell\visual studio 2013\VC\Include\Manifest\dpiaware.manifest" /DEBUG /PDB:"C:\Users\dell\Desktop\8.31,8.27\libzkfpDemo2\Release\libzkfpDemo.pdb" /SUBSYSTEM:WINDOWS /OPT:REF /OPT:ICF /LTCG /TLBID:1 /DYNAMICBASE /NXCOMPAT /IMPLIB:"C:\Users\dell\Desktop\8.31,8.27\libzkfpDemo2\Release\libzkfpDemo.lib" /MACHINE:X86 /SAFESEH Release\libzkfpDemo.res
         Release\DlgAdmin.obj
         Release\DlgUser.obj
         Release\libzkfpDemo.obj
         Release\libzkfpDemoDlg.obj
         Release\LogWriter.obj
         Release\PassDlg.obj
         Release\stdafx.obj
         正在生成代码
         已完成代码的生成
         libzkfpDemo.vcxproj -> C:\Users\dell\Desktop\8.31,8.27\libzkfpDemo2\Release\libzkfpDemo.exe
     1>已完成生成项目“C:\Users\dell\Desktop\8.31,8.27\libzkfpDemo2\libzkfpDemo.vcxproj”(Build 个目标)的操作。

生成成功。

已用时间 00:00:09.17
